(Python) Starting loop...
(Python) Running async iteration 0...
(Python) Running async iteration 1...
(Python) Running async iteration 2...
(Python) Running async iteration 3...
(Python) Running async iteration 4...
(C++) Function call #0 on thread # 1(tid: 0x70000cbba000)...
(C++) Function call #1 on thread # 2(tid: 0x70000cb37000)...
(Python) Running async iteration 5...
(C++) Function call #2 on thread # 3(tid: 0x70000cc3d000)...
(Python) Running async iteration 6...
(C++) Function call #3 on thread # 4(tid: 0x70000ccc0000)...
(Python) Running async iteration 7...
(C++) Function call #4 on thread # 5(tid: 0x70000cd43000)...
(C++) Function call #5 on thread # 6(tid: 0x70000cdc6000)...
(C++) Function call #6 on thread # 7(tid: 0x70000ce49000)...
(Python) Running async iteration 8...
(C++) Function call #7 on thread # 8(tid: 0x70000cecc000)...
(C++) Function call #8 on thread # 9(tid: 0x70000cf4f000)...
(Python) Running async iteration 9...
(Python) Running async iteration 10...
(C++) Function call #9 on thread # 10(tid: 0x70000cfd2000)...
(Python) Running async iteration 11...
(C++) Function call #10 on thread # 11(tid: 0x70000d055000)...
(Python) Running async iteration 12...
(C++) Function call #11 on thread # 12(tid: 0x70000d0d8000)...
(Python) Running async iteration 13...
(C++) Function call #12 on thread # 13(tid: 0x70000d15b000)...
(Python) Running async iteration 14...
(C++) Function call #13 on thread # 14(tid: 0x70000d1de000)...
(Python) Running async iteration 15...
(C++) Function call #14 on thread # 15(tid: 0x70000d261000)...
(Python) Running async iteration 16...
(C++) Function call #15 on thread # 16(tid: 0x70000d2e4000)...
(Python) Running async iteration 17...
(C++) Function call #16 on thread # 17(tid: 0x70000d367000)...
(Python) Running async iteration 18...
(C++) Function call #17 on thread # 18(tid: 0x70000d3ea000)...
(Python) Running async iteration 19...
(C++) Function call #18 on thread # 19(tid: 0x70000d46d000)...
(Python) Running async iteration 20...
(C++) Function call #19 on thread # 20(tid: 0x70000d4f0000)...
(C++) Function call #20 on thread # 21(tid: 0x70000d573000)...
(Python) Running async iteration 21...
(Python) Running async iteration 22...
(C++) Function call #21 on thread # 22(tid: 0x70000d5f6000)...
(Python) Running async iteration 23...
(C++) Function call #22 on thread # 23(tid: 0x70000d679000)...
(C++) Function call #23 on thread # 24(tid: 0x70000d6fc000)...
(Python) Running async iteration 24...
(Python) Running async iteration 25...
(C++) Function call #24 on thread # 25(tid: 0x70000d77f000)...
(Python) Running async iteration 26...
(C++) Function call #25 on thread # 26(tid: 0x70000d802000)...
(Python) Running async iteration 27...
(C++) Function call #26 on thread # 27(tid: 0x70000d885000)...
(Python) Running async iteration 28...
(C++) Function call #27 on thread # 28(tid: 0x70000d908000)...
(Python) Running async iteration 29...
(C++) Function call #28 on thread # 29(tid: 0x70000d98b000)...
(Python) Running async iteration 30...
(C++) Function call #29 on thread # 30(tid: 0x70000da0e000)...
(Python) Running async iteration 31...
(Python) Running async iteration 32...
(C++) Function call #30 on thread # 31(tid: 0x70000da91000)...
(Python) Running async iteration 33...
(Python) Running async iteration 34...
(Python) Running async iteration 35...
(Python) Running async iteration 36...
(Python) Running async iteration 37...
(Python) Running async iteration 38...
(Python) Running async iteration 39...
(Python) Running async iteration 40...
(Python) Running async iteration 41...
(Python) Running async iteration 42...
(C++) Function call #31 on thread # 32(tid: 0x70000db14000)...
(Python) Running async iteration 43...
(Python) Running async iteration 44...
(Python) Running async iteration 45...
(Python) Running async iteration 46...
(Python) Running async iteration 47...
(Python) Running async iteration 48...
(Python) Running async iteration 49...
(Python) Running async iteration 50...
(Python) Running async iteration 51...
(C++) Function call #32 on thread # 33(tid: 0x70000db97000)...
(Python) Running async iteration 52...
(Python) Running async iteration 53...
(Python) Running async iteration 54...
(Python) Running async iteration 55...
(Python) Running async iteration 56...
(Python) Running async iteration 57...
(Python) Running async iteration 58...
(Python) Running async iteration 59...
(Python) Running async iteration 60...
(Python) Running async iteration 61...
(Python) Running async iteration 62...
(Python) Running async iteration 63...
(Python) Running async iteration 64...
(Python) Running async iteration 65...
(Python) Running async iteration 66...
(Python) Running async iteration 67...
(Python) Running async iteration 68...
(Python) Running async iteration 69...
(Python) Running async iteration 70...
(Python) Running async iteration 71...
(C++) Function call #33 on thread # 34(tid: 0x70000dc1a000)...
(Python) Running async iteration 72...
(Python) Running async iteration 73...
(Python) Running async iteration 74...
(Python) Running async iteration 75...
(Python) Running async iteration 76...
(Python) Running async iteration 77...
(Python) Running async iteration 78...
(Python) Running async iteration 79...
(Python) Running async iteration 80...
(Python) Running async iteration 81...
(Python) Running async iteration 82...
(Python) Running async iteration 83...
(Python) Running async iteration 84...
(Python) Running async iteration 85...
(Python) Running async iteration 86...
(Python) Running async iteration 87...
(Python) Running async iteration 88...
(Python) Running async iteration 89...
(Python) Running async iteration 90...
(Python) Running async iteration 91...
(Python) Running async iteration 92...
(Python) Running async iteration 93...
(Python) Running async iteration 94...
(Python) Running async iteration 95...
(Python) Running async iteration 96...
(Python) Running async iteration 97...
(Python) Running async iteration 98...
(C++) Function call #34 on thread # 35(tid: 0x70000dc9d000)...
(Python) Running async iteration 99...
(Python) Finished with C++ code...
(Python) Getting future for 0...
(Python) Getting future for 1...
(Python) Getting future for 2...
(C++) Function call #35 on thread # 36(tid: 0x70000dd20000)...
(C++) Function call #36 on thread # 37(tid: 0x70000dda3000)...
(C++) Function call #37 on thread # 38(tid: 0x70000de26000)...
(C++) Function call #38 on thread # 39(tid: 0x70000dea9000)...
(C++) Function call #39 on thread # 40(tid: 0x70000df2c000)...
(C++) Function call #40 on thread # 41(tid: 0x70000dfaf000)...
(C++) Function call #41 on thread # 42(tid: 0x70000e032000)...
(C++) Function call #42 on thread # 43(tid: 0x70000e0b5000)...
(C++) Function call #43 on thread # 44(tid: 0x70000e138000)...
(C++) Function call #44 on thread # 45(tid: 0x70000e1bb000)...
(C++) Function call #45 on thread # 46(tid: 0x70000e23e000)...
(C++) Function call #46 on thread # 47(tid: 0x70000e2c1000)...
(C++) Function call #47 on thread # 48(tid: 0x70000e344000)...
(C++) Function call #48 on thread # 49(tid: 0x70000e3c7000)...
(C++) Function call #49 on thread # 50(tid: 0x70000e44a000)...
(C++) Function call #50 on thread # 51(tid: 0x70000e4cd000)...
(C++) Function call #51 on thread # 52(tid: 0x70000e550000)...
(C++) Function call #52 on thread # 53(tid: 0x70000e5d3000)...
(C++) Function call #53 on thread # 54(tid: 0x70000e656000)...
(C++) Function call #54 on thread # 55(tid: 0x70000e6d9000)...
(C++) Function call #55 on thread # 56(tid: 0x70000e75c000)...
(C++) Function call #56 on thread # 57(tid: 0x70000e7df000)...
(C++) Function call #57 on thread # 58(tid: 0x70000e862000)...
(C++) Function call #58 on thread # 59(tid: 0x70000e8e5000)...
(C++) Function call #59 on thread # 60(tid: 0x70000e968000)...
(C++) Function call #60 on thread # 61(tid: 0x70000e9eb000)...
(C++) Function call #61 on thread # 62(tid: 0x70000ea6e000)...
(C++) Function call #62 on thread # 63(tid: 0x70000eaf1000)...
(C++) Function call #63 on thread # 64(tid: 0x70000eb74000)...
(C++) Function call #64 on thread # 65(tid: 0x70000ebf7000)...
(C++) Function call #65 on thread # 66(tid: 0x70000ec7a000)...
(C++) Function call #66 on thread # 67(tid: 0x70000ecfd000)...
(C++) Function call #67 on thread # 68(tid: 0x70000ed80000)...
(C++) Function call #68 on thread # 69(tid: 0x70000ee03000)...
(C++) Function call #69 on thread # 70(tid: 0x70000ee86000)...
(C++) Function call #70 on thread # 71(tid: 0x70000ef09000)...
(C++) Function call #71 on thread # 72(tid: 0x70000ef8c000)...
(C++) Function call #72 on thread # 73(tid: 0x70000f00f000)...
(C++) Function call #73 on thread # 74(tid: 0x70000f092000)...
(C++) Function call #74 on thread # 75(tid: 0x70000f115000)...
(C++) Function call #75 on thread # 76(tid: 0x70000f198000)...
(C++) Function call #76 on thread # 77(tid: 0x70000f21b000)...
(C++) Function call #77 on thread # 78(tid: 0x70000f29e000)...
(C++) Function call #78 on thread # 79(tid: 0x70000f321000)...
(C++) Function call #79 on thread # 80(tid: 0x70000f3a4000)...
(C++) Function call #80 on thread # 81(tid: 0x70000f427000)...
(C++) Function call #81 on thread # 82(tid: 0x70000f4aa000)...
(C++) Function call #82 on thread # 83(tid: 0x70000f52d000)...
(C++) Function call #83 on thread # 84(tid: 0x70000f5b0000)...
(C++) Function call #84 on thread # 85(tid: 0x70000f633000)...
(C++) Function call #85 on thread # 86(tid: 0x70000f6b6000)...
(C++) Function call #86 on thread # 87(tid: 0x70000f739000)...
(C++) Function call #87 on thread # 88(tid: 0x70000f7bc000)...
(C++) Function call #88 on thread # 89(tid: 0x70000f83f000)...
(C++) Function call #89 on thread # 90(tid: 0x70000f8c2000)...
(C++) Function call #90 on thread # 91(tid: 0x70000f945000)...
(C++) Function call #91 on thread # 92(tid: 0x70000f9c8000)...
(C++) Function call #92 on thread # 93(tid: 0x70000fa4b000)...
(C++) Function call #93 on thread # 94(tid: 0x70000face000)...
(C++) Function call #94 on thread # 95(tid: 0x70000fb51000)...
(C++) Function call #95 on thread # 96(tid: 0x70000fbd4000)...
(C++) Function call #96 on thread # 97(tid: 0x70000fc57000)...
(C++) Function call #97 on thread # 98(tid: 0x70000fcda000)...
(C++) Function call #98 on thread # 99(tid: 0x70000fd5d000)...
(C++) Function call #99 on thread # 100(tid: 0x70000fde0000)...
(Python) Getting future for 3...
(Python) Getting future for 4...
(Python) Getting future for 5...
(Python) Getting future for 6...
(Python) Getting future for 7...
(Python) Getting future for 8...
(Python) Getting future for 9...
(Python) Getting future for 10...
(Python) Getting future for 11...
(Python) Getting future for 12...
(Python) Getting future for 13...
(Python) Getting future for 14...
(Python) Getting future for 15...
(Python) Getting future for 16...
(Python) Getting future for 17...
(Python) Getting future for 18...
(Python) Getting future for 19...
(Python) Getting future for 20...
(Python) Getting future for 21...
(Python) Getting future for 22...
(Python) Getting future for 23...
(Python) Getting future for 24...
(Python) Getting future for 25...
(Python) Getting future for 26...
(Python) Getting future for 27...
(Python) Getting future for 28...
(Python) Getting future for 29...
(Python) Getting future for 30...
(Python) Getting future for 31...
(Python) Getting future for 32...
(Python) Getting future for 33...
(Python) Getting future for 34...
(Python) Getting future for 35...
(Python) Getting future for 36...
(Python) Getting future for 37...
(Python) Getting future for 38...
(Python) Getting future for 39...
(Python) Getting future for 40...
(Python) Getting future for 41...
(Python) Getting future for 42...
(Python) Getting future for 43...
(Python) Getting future for 44...
(Python) Getting future for 45...
(Python) Getting future for 46...
(Python) Getting future for 47...
(Python) Getting future for 48...
(Python) Getting future for 49...
(Python) Getting future for 50...
(Python) Getting future for 51...
(Python) Getting future for 52...
(Python) Getting future for 53...
(Python) Getting future for 54...
(Python) Getting future for 55...
(Python) Getting future for 56...
(Python) Getting future for 57...
(Python) Getting future for 58...
(Python) Getting future for 59...
(Python) Getting future for 60...
(Python) Getting future for 61...
(Python) Getting future for 62...
(Python) Getting future for 63...
(Python) Getting future for 64...
(Python) Getting future for 65...
(Python) Getting future for 66...
(Python) Getting future for 67...
(Python) Getting future for 68...
(Python) Getting future for 69...
(Python) Getting future for 70...
(Python) Getting future for 71...
(Python) Getting future for 72...
(Python) Getting future for 73...
(Python) Getting future for 74...
(Python) Getting future for 75...
(Python) Getting future for 76...
(Python) Getting future for 77...
(Python) Getting future for 78...
(Python) Getting future for 79...
(Python) Getting future for 80...
(Python) Getting future for 81...
(Python) Getting future for 82...
(Python) Getting future for 83...
(Python) Getting future for 84...
(Python) Getting future for 85...
(Python) Getting future for 86...
(Python) Getting future for 87...
(Python) Getting future for 88...
(Python) Getting future for 89...
(Python) Getting future for 90...
(Python) Getting future for 91...
(Python) Getting future for 92...
(Python) Getting future for 93...
(Python) Getting future for 94...
(Python) Getting future for 95...
(Python) Getting future for 96...
(Python) Getting future for 97...
(Python) Getting future for 98...
(Python) Getting future for 99...

(Python) Sum = 2269806570

CPU time : 10.696823 seconds
Wall time : 2.086586 seconds

% CPU : 512.65%
